#
# A fatal error has been detected by the Java Runtime Environment:
#
#  SIGSEGV (0xb) at pc=0x00007ff80b6bf08e, pid=56509, tid=0x0000000000009143
#
# JRE version: Java(TM) SE Runtime Environment (8.0_301-b09) (build 1.8.0_301-b09)
# Java VM: Java HotSpot(TM) 64-Bit Server VM (25.301-b09 mixed mode bsd-amd64 compressed oops)
# Problematic frame:
# C  [libsystem_platform.dylib+0x808e]
#
# Failed to write core dump. Core dumps have been disabled. To enable core dumping, try "ulimit -c unlimited" before starting Java again
#
# If you would like to submit a bug report, please visit:
#   http://bugreport.java.com/bugreport/crash.jsp
#

---------------  T H R E A D  ---------------

Current thread (0x00007f8ee79d2800):  JavaThread "background-preinit" [_thread_in_vm, id=37187, stack(0x000000030b35b000,0x000000030b45b000)]

siginfo: si_signo: 11 (SIGSEGV), si_code: 1 (SEGV_MAPERR), si_addr: 0x0000000128a0b5e0

Registers:
RAX=0x0000000129556d40, RBX=0x0000000129556d40, RCX=0x0000000000000000, RDX=0x000000010c6d2201
RSP=0x000000030b457ab8, RBP=0x000000030b457af0, RSI=0x0000000000000028, RDI=0x0000000129556d40
R8 =0x000000010c6d2730, R9 =0x0000000000000001, R10=0x000000010c6c932b, R11=0x000000010c6c932b
R12=0x00007f8ee79d2800, R13=0x00006000030540f0, R14=0x0000000000000001, R15=0x0000000000000028
RIP=0x00007ff80b6bf08e, EFLAGS=0x0000000000000207, ERR=0x0000000000000004
  TRAPNO=0x000000000000000e

Top of Stack: (sp=0x000000030b457ab8)
0x000000030b457ab8:   000000010c3fb8c3 00000006e0000000
0x000000030b457ac8:   0000000000000000 0000000000000004
0x000000030b457ad8:   000000030b457d50 0000000000000004
0x000000030b457ae8:   00007f8ee79d2800 000000030b457b10
0x000000030b457af8:   000000010c12540e 000000030b458058
0x000000030b457b08:   000000030b457e98 000000030b457bd0
0x000000030b457b18:   000000010c11f51b 0000600000661680
0x000000030b457b28:   000000030b457de7 00007f8ee79d2800
0x000000030b457b38:   0000000000000000 000000030b457c90
0x000000030b457b48:   00007f8ee67103fc 0000000000000000
0x000000030b457b58:   0000000000000006 0000000600000000
0x000000030b457b68:   00007f8ee67103f0 0000600000660d00
0x000000030b457b78:   0000000000000001 000000030b457dc6
0x000000030b457b88:   0000000000000001 000000030b457dd7
0x000000030b457b98:   0000010000000000 0000000300047e98
0x000000030b457ba8:   000000030b458058 0000000000000f00
0x000000030b457bb8:   000000030b457e98 0000000000000000
0x000000030b457bc8:   00007f8ee79d2800 000000030b457e10
0x000000030b457bd8:   000000010c12321a 0000000329514848
0x000000030b457be8:   0000000000000000 00000000bb56c5f6
0x000000030b457bf8:   000000010b231701 0000600000640e00
0x000000030b457c08:   0000600000640e40 0000000000000000
0x000000030b457c18:   00007f8ee71182f4 00007f8ee7118310
0x000000030b457c28:   0000000500000001 0000600001d76f10
0x000000030b457c38:   00007f8ee6710380 00007f8ee6710390
0x000000030b457c48:   00007f8ee6710768 00000000000003d8
0x000000030b457c58:   00007f8ee79d2800 0000600000660d00
0x000000030b457c68:   0000600002c485a0 0000600002c48668
0x000000030b457c78:   0000600002c48688 00000000000000d8
0x000000030b457c88:   000000030b458a38 0000000000000001
0x000000030b457c98:   0000000000000000 0000000300000000
0x000000030b457ca8:   000000010dfb4e9e 000000030b4581b0 

Instructions: (pc=0x00007ff80b6bf08e)
0x00007ff80b6bf06e:   61 0b 00 00 48 89 0d e7 24 73 41 48 89 05 10 25
0x00007ff80b6bf07e:   73 41 0f 0b ff 25 d0 3b 70 41 ff 25 d2 3b 70 41
0x00007ff80b6bf08e:   ff 25 d4 3b 70 41 ff 25 66 4f b0 42 ff 25 68 4f
0x00007ff80b6bf09e:   b0 42 ff 25 6a 4f b0 42 ff 25 6c 4f b0 42 ff 25 

Register to memory mapping:

RAX=0x0000000129556d40 is pointing into metadata
RBX=0x0000000129556d40 is pointing into metadata
RCX=0x0000000000000000 is an unknown value
RDX=0x000000010c6d2201: _ZN12SpaceManager12_expand_lockE+0x1 in /Library/Java/JavaVirtualMachines/jdk1.8.0_301.jdk/Contents/Home/jre/lib/server/libjvm.dylib at 0x000000010bfaf000
RSP=0x000000030b457ab8 is pointing into the stack for thread: 0x00007f8ee79d2800
RBP=0x000000030b457af0 is pointing into the stack for thread: 0x00007f8ee79d2800
RSI=0x0000000000000028 is an unknown value
RDI=0x0000000129556d40 is pointing into metadata
R8 =0x000000010c6d2730: _ZN2os16_processor_countE+0 in /Library/Java/JavaVirtualMachines/jdk1.8.0_301.jdk/Contents/Home/jre/lib/server/libjvm.dylib at 0x000000010bfaf000
R9 =0x0000000000000001 is an unknown value
R10=0x000000010c6c932b: AssumeMP+0 in /Library/Java/JavaVirtualMachines/jdk1.8.0_301.jdk/Contents/Home/jre/lib/server/libjvm.dylib at 0x000000010bfaf000
R11=0x000000010c6c932b: AssumeMP+0 in /Library/Java/JavaVirtualMachines/jdk1.8.0_301.jdk/Contents/Home/jre/lib/server/libjvm.dylib at 0x000000010bfaf000
R12=0x00007f8ee79d2800 is a thread
R13=0x00006000030540f0 is an unknown value
R14=0x0000000000000001 is an unknown value
R15=0x0000000000000028 is an unknown value


Stack: [0x000000030b35b000,0x000000030b45b000],  sp=0x000000030b457ab8,  free space=1010k
Native frames: (J=compiled Java code, j=interpreted, Vv=VM code, C=native code)
C  [libsystem_platform.dylib+0x808e]
V  [libjvm.dylib+0x17640e]
V  [libjvm.dylib+0x17051b]
V  [libjvm.dylib+0x17421a]
V  [libjvm.dylib+0x53ae9e]
V  [libjvm.dylib+0x337b71]
V  [libjvm.dylib+0x337cea]
C  [libjava.dylib+0x15f0]  Java_java_lang_ClassLoader_defineClass1+0x163
J 842  java.lang.ClassLoader.defineClass1(Ljava/lang/String;[BIILjava/security/ProtectionDomain;Ljava/lang/String;)Ljava/lang/Class; (0 bytes) @ 0x000000010dfddf8b [0x000000010dfdde80+0x10b]
J 777 C1 java.lang.ClassLoader.defineClass(Ljava/lang/String;[BIILjava/security/ProtectionDomain;)Ljava/lang/Class; (43 bytes) @ 0x000000010dfc8cc4 [0x000000010dfc8bc0+0x104]
J 843 C1 java.net.URLClassLoader.defineClass(Ljava/lang/String;Lsun/misc/Resource;)Ljava/lang/Class; (142 bytes) @ 0x000000010dfe1624 [0x000000010dfe0c40+0x9e4]
J 707 C1 java.net.URLClassLoader$1.run()Ljava/lang/Class; (63 bytes) @ 0x000000010dfa9304 [0x000000010dfa9240+0xc4]
J 706 C1 java.net.URLClassLoader$1.run()Ljava/lang/Object; (5 bytes) @ 0x000000010dfa8f34 [0x000000010dfa8f00+0x34]
v  ~StubRoutines::call_stub
V  [libjvm.dylib+0x2d63b3]
V  [libjvm.dylib+0x33939d]
J 521  java.security.AccessController.doPrivileged(Ljava/security/PrivilegedExceptionAction;Ljava/security/AccessControlContext;)Ljava/lang/Object; (0 bytes) @ 0x000000010df51995 [0x000000010df518c0+0xd5]
J 704 C1 java.net.URLClassLoader.findClass(Ljava/lang/String;)Ljava/lang/Class; (47 bytes) @ 0x000000010dfa86a4 [0x000000010dfa85e0+0xc4]
J 557 C1 java.lang.ClassLoader.loadClass(Ljava/lang/String;Z)Ljava/lang/Class; (122 bytes) @ 0x000000010df62634 [0x000000010df62320+0x314]
J 599 C1 sun.misc.Launcher$AppClassLoader.loadClass(Ljava/lang/String;Z)Ljava/lang/Class; (85 bytes) @ 0x000000010df7622c [0x000000010df75f40+0x2ec]
J 587 C1 java.lang.ClassLoader.loadClass(Ljava/lang/String;)Ljava/lang/Class; (7 bytes) @ 0x000000010df74384 [0x000000010df74340+0x44]
v  ~StubRoutines::call_stub
V  [libjvm.dylib+0x2d63b3]
V  [libjvm.dylib+0x2d5216]
V  [libjvm.dylib+0x2d547a]
V  [libjvm.dylib+0x53a430]
V  [libjvm.dylib+0x539608]
V  [libjvm.dylib+0x538d1b]
V  [libjvm.dylib+0x1cc52b]
V  [libjvm.dylib+0x1dcfec]
V  [libjvm.dylib+0x3cf7ec]
V  [libjvm.dylib+0x2cebc8]
j  org.hibernate.validator.internal.engine.valueextraction.ValueExtractorManager.<clinit>()V+79
v  ~StubRoutines::call_stub
V  [libjvm.dylib+0x2d63b3]
V  [libjvm.dylib+0x29f3b9]
V  [libjvm.dylib+0x29e143]
V  [libjvm.dylib+0x29dcc0]
V  [libjvm.dylib+0x2cd9f2]
j  org.hibernate.validator.internal.engine.ValidatorFactoryImpl.<init>(Ljavax/validation/spi/ConfigurationState;)V+10
j  org.hibernate.validator.HibernateValidator.buildValidatorFactory(Ljavax/validation/spi/ConfigurationState;)Ljavax/validation/ValidatorFactory;+5
j  org.hibernate.validator.internal.engine.ConfigurationImpl.buildValidatorFactory()Ljavax/validation/ValidatorFactory;+211
j  org.springframework.boot.autoconfigure.BackgroundPreinitializer$ValidationInitializer.run()V+10
j  org.springframework.boot.autoconfigure.BackgroundPreinitializer$1.runSafely(Ljava/lang/Runnable;)V+1
j  org.springframework.boot.autoconfigure.BackgroundPreinitializer$1.run()V+21
j  java.lang.Thread.run()V+11
v  ~StubRoutines::call_stub
V  [libjvm.dylib+0x2d63b3]
V  [libjvm.dylib+0x2d5216]
V  [libjvm.dylib+0x2d53f7]
V  [libjvm.dylib+0x3426e9]
V  [libjvm.dylib+0x56057a]
V  [libjvm.dylib+0x56043f]
V  [libjvm.dylib+0x48d62b]
C  [libsystem_pthread.dylib+0x64e1]  _pthread_start+0x7d
C  [libsystem_pthread.dylib+0x1f6b]  thread_start+0xf
C  0x0000000000000000

Java frames: (J=compiled Java code, j=interpreted, Vv=VM code)
J 842  java.lang.ClassLoader.defineClass1(Ljava/lang/String;[BIILjava/security/ProtectionDomain;Ljava/lang/String;)Ljava/lang/Class; (0 bytes) @ 0x000000010dfddf11 [0x000000010dfdde80+0x91]
J 777 C1 java.lang.ClassLoader.defineClass(Ljava/lang/String;[BIILjava/security/ProtectionDomain;)Ljava/lang/Class; (43 bytes) @ 0x000000010dfc8cc4 [0x000000010dfc8bc0+0x104]
J 843 C1 java.net.URLClassLoader.defineClass(Ljava/lang/String;Lsun/misc/Resource;)Ljava/lang/Class; (142 bytes) @ 0x000000010dfe1624 [0x000000010dfe0c40+0x9e4]
J 707 C1 java.net.URLClassLoader$1.run()Ljava/lang/Class; (63 bytes) @ 0x000000010dfa9304 [0x000000010dfa9240+0xc4]
J 706 C1 java.net.URLClassLoader$1.run()Ljava/lang/Object; (5 bytes) @ 0x000000010dfa8f34 [0x000000010dfa8f00+0x34]
v  ~StubRoutines::call_stub
J 521  java.security.AccessController.doPrivileged(Ljava/security/PrivilegedExceptionAction;Ljava/security/AccessControlContext;)Ljava/lang/Object; (0 bytes) @ 0x000000010df51923 [0x000000010df518c0+0x63]
J 704 C1 java.net.URLClassLoader.findClass(Ljava/lang/String;)Ljava/lang/Class; (47 bytes) @ 0x000000010dfa86a4 [0x000000010dfa85e0+0xc4]
J 557 C1 java.lang.ClassLoader.loadClass(Ljava/lang/String;Z)Ljava/lang/Class; (122 bytes) @ 0x000000010df62634 [0x000000010df62320+0x314]
J 599 C1 sun.misc.Launcher$AppClassLoader.loadClass(Ljava/lang/String;Z)Ljava/lang/Class; (85 bytes) @ 0x000000010df7622c [0x000000010df75f40+0x2ec]
J 587 C1 java.lang.ClassLoader.loadClass(Ljava/lang/String;)Ljava/lang/Class; (7 bytes) @ 0x000000010df74384 [0x000000010df74340+0x44]
v  ~StubRoutines::call_stub
j  org.hibernate.validator.internal.engine.valueextraction.ValueExtractorManager.<clinit>()V+79
v  ~StubRoutines::call_stub
j  org.hibernate.validator.internal.engine.ValidatorFactoryImpl.<init>(Ljavax/validation/spi/ConfigurationState;)V+10
j  org.hibernate.validator.HibernateValidator.buildValidatorFactory(Ljavax/validation/spi/ConfigurationState;)Ljavax/validation/ValidatorFactory;+5
j  org.hibernate.validator.internal.engine.ConfigurationImpl.buildValidatorFactory()Ljavax/validation/ValidatorFactory;+211
j  org.springframework.boot.autoconfigure.BackgroundPreinitializer$ValidationInitializer.run()V+10
j  org.springframework.boot.autoconfigure.BackgroundPreinitializer$1.runSafely(Ljava/lang/Runnable;)V+1
j  org.springframework.boot.autoconfigure.BackgroundPreinitializer$1.run()V+21
j  java.lang.Thread.run()V+11
v  ~StubRoutines::call_stub

---------------  P R O C E S S  ---------------

Java Threads: ( => current thread )
  0x00007f8ee8228000 JavaThread "RMI TCP Connection(2)-127.0.0.1" daemon [_thread_in_native, id=37683, stack(0x000000030b561000,0x000000030b661000)]
=>0x00007f8ee79d2800 JavaThread "background-preinit" [_thread_in_vm, id=37187, stack(0x000000030b35b000,0x000000030b45b000)]
  0x00007f8ee815d000 JavaThread "RMI Scheduler(0)" daemon [_thread_blocked, id=38223, stack(0x000000030b258000,0x000000030b358000)]
  0x00007f8ee6b28800 JavaThread "RMI TCP Connection(1)-127.0.0.1" daemon [_thread_in_native, id=24847, stack(0x000000030b155000,0x000000030b255000)]
  0x00007f8ec780d800 JavaThread "Attach Listener" daemon [_thread_blocked, id=39171, stack(0x000000030b052000,0x000000030b152000)]
  0x00007f8ee8a40000 JavaThread "RMI TCP Accept-0" daemon [_thread_in_native, id=40599, stack(0x000000030ae4c000,0x000000030af4c000)]
  0x00007f8ed0027000 JavaThread "Service Thread" daemon [_thread_blocked, id=41739, stack(0x000000030ad49000,0x000000030ae49000)]
  0x00007f8ec7051000 JavaThread "C1 CompilerThread3" daemon [_thread_blocked, id=42003, stack(0x000000030ac46000,0x000000030ad46000)]
  0x00007f8ec704f000 JavaThread "C2 CompilerThread2" daemon [_thread_blocked, id=42511, stack(0x000000030ab43000,0x000000030ac43000)]
  0x00007f8ee7950800 JavaThread "C2 CompilerThread1" daemon [_thread_blocked, id=22275, stack(0x000000030aa40000,0x000000030ab40000)]
  0x00007f8ee7950000 JavaThread "C2 CompilerThread0" daemon [_thread_blocked, id=43267, stack(0x000000030a93d000,0x000000030aa3d000)]
  0x00007f8ee794e000 JavaThread "Monitor Ctrl-Break" daemon [_thread_in_native, id=15371, stack(0x000000030a83a000,0x000000030a93a000)]
  0x00007f8ee7863000 JavaThread "Signal Dispatcher" daemon [_thread_blocked, id=15619, stack(0x000000030a737000,0x000000030a837000)]
  0x00007f8ec7014000 JavaThread "Finalizer" daemon [_thread_blocked, id=13855, stack(0x000000030a49b000,0x000000030a59b000)]
  0x00007f8ee7848800 JavaThread "Reference Handler" daemon [_thread_blocked, id=18723, stack(0x000000030a398000,0x000000030a498000)]
  0x00007f8ec7009000 JavaThread "main" [_thread_in_vm, id=9987, stack(0x000000030997a000,0x0000000309a7a000)]

Other Threads:
  0x00007f8ee801b800 VMThread [stack: 0x000000030a295000,0x000000030a395000] [id=13059]
  0x00007f8ee7955800 WatcherThread [stack: 0x000000030af4f000,0x000000030b04f000] [id=24031]

VM state:not at safepoint (normal execution)

VM Mutex/Monitor currently owned by a thread: None

heap address: 0x00000006c0000000, size: 4096 MB, Compressed Oops mode: Zero based, Oop shift amount: 3
Narrow klass base: 0x0000000000000000, Narrow klass shift: 3
Compressed class space size: 1073741824 Address: 0x00000007c0000000

Heap:
 PSYoungGen      total 76288K, used 44038K [0x000000076ab00000, 0x0000000774000000, 0x00000007c0000000)
  eden space 65536K, 56% used [0x000000076ab00000,0x000000076cf36be0,0x000000076eb00000)
  from space 10752K, 64% used [0x000000076eb00000,0x000000076f1cac78,0x000000076f580000)
  to   space 10752K, 0% used [0x0000000773580000,0x0000000773580000,0x0000000774000000)
 ParOldGen       total 175104K, used 8K [0x00000006c0000000, 0x00000006cab00000, 0x000000076ab00000)
  object space 175104K, 0% used [0x00000006c0000000,0x00000006c0002000,0x00000006cab00000)
 Metaspace       used 16389K, capacity 17044K, committed 17280K, reserved 1064960K
  class space    used 2143K, capacity 2326K, committed 2432K, reserved 1048576K

Card table byte_map: [0x000000010b717000,0x000000010bf18000] byte_map_base: 0x0000000108117000

Marking Bits: (ParMarkBitMap*) 0x000000010c6d3298
 Begin Bits: [0x000000011d2e7000, 0x00000001212e7000)
 End Bits:   [0x00000001212e7000, 0x00000001252e7000)

Polling page: 0x000000010b1ec000

CodeCache: size=245760Kb used=3174Kb max_used=3174Kb free=242585Kb
 bounds [0x000000010dd91000, 0x000000010e0b1000, 0x000000011cd91000]
 total_blobs=1810 nmethods=1441 adapters=283
 compilation: enabled

Compilation events (10 events):
Event: 3.125 Thread 0x00007f8ec7051000 1426       1       java.util.concurrent.locks.ReentrantLock$NonfairSync::lock (25 bytes)
Event: 3.125 Thread 0x00007f8ec7051000 nmethod 1426 0x000000010e0a4a10 code [0x000000010e0a4ba0, 0x000000010e0a4db8]
Event: 3.128 Thread 0x00007f8ec7051000 1427       1       sun.reflect.generics.reflectiveObjects.ParameterizedTypeImpl::getActualTypeArguments (11 bytes)
Event: 3.128 Thread 0x00007f8ec7051000 nmethod 1427 0x000000010e0a4f10 code [0x000000010e0a5080, 0x000000010e0a5208]
Event: 3.134 Thread 0x00007f8ec7051000 1428       1       java.lang.reflect.AccessibleObject::setAccessible (21 bytes)
Event: 3.134 Thread 0x00007f8ec7051000 nmethod 1428 0x000000010e0a5290 code [0x000000010e0a5400, 0x000000010e0a5578]
Event: 3.134 Thread 0x00007f8ec7051000 1429       1       java.lang.reflect.AccessibleObject::setAccessible0 (42 bytes)
Event: 3.134 Thread 0x00007f8ec7051000 nmethod 1429 0x000000010e0a5610 code [0x000000010e0a5780, 0x000000010e0a59c8]
Event: 3.140 Thread 0x00007f8ec7051000 1430       1       java.util.HashMap::<init> (8 bytes)
Event: 3.141 Thread 0x00007f8ec7051000 nmethod 1430 0x000000010e0a5b10 code [0x000000010e0a5ca0, 0x000000010e0a5dc8]

GC Heap History (2 events):
Event: 2.414 GC heap before
{Heap before GC invocations=1 (full 0):
 PSYoungGen      total 76288K, used 65536K [0x000000076ab00000, 0x0000000770000000, 0x00000007c0000000)
  eden space 65536K, 100% used [0x000000076ab00000,0x000000076eb00000,0x000000076eb00000)
  from space 10752K, 0% used [0x000000076f580000,0x000000076f580000,0x0000000770000000)
  to   space 10752K, 0% used [0x000000076eb00000,0x000000076eb00000,0x000000076f580000)
 ParOldGen       total 175104K, used 0K [0x00000006c0000000, 0x00000006cab00000, 0x000000076ab00000)
  object space 175104K, 0% used [0x00000006c0000000,0x00000006c0000000,0x00000006cab00000)
 Metaspace       used 13242K, capacity 13690K, committed 13952K, reserved 1060864K
  class space    used 1671K, capacity 1801K, committed 1920K, reserved 1048576K
Event: 2.450 GC heap after
Heap after GC invocations=1 (full 0):
 PSYoungGen      total 76288K, used 6955K [0x000000076ab00000, 0x0000000774000000, 0x00000007c0000000)
  eden space 65536K, 0% used [0x000000076ab00000,0x000000076ab00000,0x000000076eb00000)
  from space 10752K, 64% used [0x000000076eb00000,0x000000076f1cac78,0x000000076f580000)
  to   space 10752K, 0% used [0x0000000773580000,0x0000000773580000,0x0000000774000000)
 ParOldGen       total 175104K, used 8K [0x00000006c0000000, 0x00000006cab00000, 0x000000076ab00000)
  object space 175104K, 0% used [0x00000006c0000000,0x00000006c0002000,0x00000006cab00000)
 Metaspace       used 13242K, capacity 13690K, committed 13952K, reserved 1060864K
  class space    used 1671K, capacity 1801K, committed 1920K, reserved 1048576K
}

Deoptimization events (0 events):
No events

Classes redefined (0 events):
No events

Internal exceptions (10 events):
Event: 3.122 Thread 0x00007f8ee79d2800 Exception <a 'java/lang/ArrayIndexOutOfBoundsException'> (0x000000076cc3de10) thrown at [/System/Volumes/Data/jenkins/workspace/8-2-build-macosx-x86_64/jdk8u301/1513/hotspot/src/share/vm/runtime/sharedRuntime.cpp, line 609]
Event: 3.122 Thread 0x00007f8ee79d2800 Exception <a 'java/lang/ArrayIndexOutOfBoundsException'> (0x000000076cc3fa20) thrown at [/System/Volumes/Data/jenkins/workspace/8-2-build-macosx-x86_64/jdk8u301/1513/hotspot/src/share/vm/runtime/sharedRuntime.cpp, line 609]
Event: 3.122 Thread 0x00007f8ee79d2800 Exception <a 'java/lang/ArrayIndexOutOfBoundsException'> (0x000000076cc50848) thrown at [/System/Volumes/Data/jenkins/workspace/8-2-build-macosx-x86_64/jdk8u301/1513/hotspot/src/share/vm/runtime/sharedRuntime.cpp, line 609]
Event: 3.124 Thread 0x00007f8ee79d2800 Exception <a 'java/lang/ArrayIndexOutOfBoundsException'> (0x000000076cc633a0) thrown at [/System/Volumes/Data/jenkins/workspace/8-2-build-macosx-x86_64/jdk8u301/1513/hotspot/src/share/vm/runtime/sharedRuntime.cpp, line 609]
Event: 3.124 Thread 0x00007f8ee79d2800 Exception <a 'java/lang/ArrayIndexOutOfBoundsException'> (0x000000076cc751f8) thrown at [/System/Volumes/Data/jenkins/workspace/8-2-build-macosx-x86_64/jdk8u301/1513/hotspot/src/share/vm/runtime/sharedRuntime.cpp, line 609]
Event: 3.124 Thread 0x00007f8ee79d2800 Exception <a 'java/lang/ArrayIndexOutOfBoundsException'> (0x000000076cc77370) thrown at [/System/Volumes/Data/jenkins/workspace/8-2-build-macosx-x86_64/jdk8u301/1513/hotspot/src/share/vm/runtime/sharedRuntime.cpp, line 609]
Event: 3.124 Thread 0x00007f8ee79d2800 Exception <a 'java/lang/ArrayIndexOutOfBoundsException'> (0x000000076cc880b0) thrown at [/System/Volumes/Data/jenkins/workspace/8-2-build-macosx-x86_64/jdk8u301/1513/hotspot/src/share/vm/runtime/sharedRuntime.cpp, line 609]
Event: 3.125 Thread 0x00007f8ee79d2800 Exception <a 'java/lang/ArrayIndexOutOfBoundsException'> (0x000000076cc99d20) thrown at [/System/Volumes/Data/jenkins/workspace/8-2-build-macosx-x86_64/jdk8u301/1513/hotspot/src/share/vm/runtime/sharedRuntime.cpp, line 609]
Event: 3.130 Thread 0x00007f8ee79d2800 Exception <a 'java/lang/ArrayIndexOutOfBoundsException'> (0x000000076ccaab18) thrown at [/System/Volumes/Data/jenkins/workspace/8-2-build-macosx-x86_64/jdk8u301/1513/hotspot/src/share/vm/runtime/sharedRuntime.cpp, line 609]
Event: 3.137 Thread 0x00007f8ee79d2800 Exception <a 'java/lang/ArrayIndexOutOfBoundsException'> (0x000000076ccbbcd0) thrown at [/System/Volumes/Data/jenkins/workspace/8-2-build-macosx-x86_64/jdk8u301/1513/hotspot/src/share/vm/runtime/sharedRuntime.cpp, line 609]

Events (10 events):
Event: 3.143 loading class org/springframework/boot/diagnostics/analyzer/ConnectorStartFailureAnalyzer done
Event: 3.143 loading class org/springframework/boot/diagnostics/analyzer/NoSuchMethodFailureAnalyzer
Event: 3.143 loading class org/springframework/boot/diagnostics/analyzer/NoSuchMethodFailureAnalyzer done
Event: 3.143 loading class org/springframework/boot/diagnostics/analyzer/NoUniqueBeanDefinitionFailureAnalyzer
Event: 3.143 loading class org/springframework/boot/diagnostics/analyzer/NoUniqueBeanDefinitionFailureAnalyzer done
Event: 3.143 Thread 0x00007f8ee8228000 Thread added: 0x00007f8ee8228000
Event: 3.144 loading class org/springframework/boot/diagnostics/analyzer/PortInUseFailureAnalyzer
Event: 3.144 loading class org/springframework/boot/diagnostics/analyzer/PortInUseFailureAnalyzer done
Event: 3.144 loading class org/springframework/boot/diagnostics/analyzer/ValidationExceptionFailureAnalyzer
Event: 3.144 loading class org/springframework/boot/diagnostics/analyzer/ValidationExceptionFailureAnalyzer done


Dynamic libraries:
0x00007ff8229c5000 	/System/Library/Frameworks/Cocoa.framework/Versions/A/Cocoa
0x00007ff80e09b000 	/System/Library/Frameworks/AppKit.framework/Versions/C/AppKit
0x00007ff811610000 	/System/Library/Frameworks/CoreData.framework/Versions/A/CoreData
0x00007ff80c49e000 	/System/Library/Frameworks/Foundation.framework/Versions/C/Foundation
0x00007ff816895000 	/usr/lib/libSystem.B.dylib
0x00007ff80ef2b000 	/System/Library/PrivateFrameworks/UIFoundation.framework/Versions/A/UIFoundation
0x00007ff81c8c6000 	/System/Library/PrivateFrameworks/RemoteViewServices.framework/Versions/A/RemoteViewServices
0x00007ff814b60000 	/System/Library/PrivateFrameworks/XCTTargetBootstrap.framework/Versions/A/XCTTargetBootstrap
0x00007ff81875c000 	/System/Library/PrivateFrameworks/InternationalSupport.framework/Versions/A/InternationalSupport
0x00007ff8187e6000 	/System/Library/PrivateFrameworks/UserActivity.framework/Versions/A/UserActivity
0x00007ff817b3e000 	/usr/lib/libspindump.dylib
0x00007ff80f1ba000 	/System/Library/Frameworks/UniformTypeIdentifiers.framework/Versions/A/UniformTypeIdentifiers
0x00007ff813284000 	/usr/lib/libapp_launch_measurement.dylib
0x00007ff811ff3000 	/System/Library/PrivateFrameworks/CoreAnalytics.framework/Versions/A/CoreAnalytics
0x00007ff813287000 	/System/Library/PrivateFrameworks/CoreAutoLayout.framework/Versions/A/CoreAutoLayout
0x00007ff8144b7000 	/System/Library/Frameworks/Metal.framework/Versions/A/Metal
0x00007ff8151e7000 	/usr/lib/liblangid.dylib
0x00007ff814b65000 	/System/Library/PrivateFrameworks/CoreSVG.framework/Versions/A/CoreSVG
0x00007ff8105a6000 	/System/Library/PrivateFrameworks/SkyLight.framework/Versions/A/SkyLight
0x00007ff810945000 	/System/Library/Frameworks/CoreGraphics.framework/Versions/A/CoreGraphics
0x00007ff81cf86000 	/System/Library/Frameworks/Accelerate.framework/Versions/A/Accelerate
0x00007ff8175bd000 	/System/Library/PrivateFrameworks/IconServices.framework/Versions/A/IconServices
0x00007ff81449c000 	/System/Library/Frameworks/IOSurface.framework/Versions/A/IOSurface
0x00007ff812021000 	/usr/lib/libDiagnosticMessagesClient.dylib
0x00007ff8167af000 	/usr/lib/libz.1.dylib
0x00007ff820669000 	/System/Library/Frameworks/ApplicationServices.framework/Versions/A/ApplicationServices
0x00007ff814b4c000 	/System/Library/PrivateFrameworks/DFRFoundation.framework/Versions/A/DFRFoundation
0x00007ff80d983000 	/usr/lib/libicucore.A.dylib
0x00007ff819552000 	/System/Library/Frameworks/AudioToolbox.framework/Versions/A/AudioToolbox
0x00007ff818768000 	/System/Library/PrivateFrameworks/DataDetectorsCore.framework/Versions/A/DataDetectorsCore
0x00007ff9149c5000 	/System/Library/PrivateFrameworks/TextInput.framework/Versions/A/TextInput
0x00007ff810529000 	/usr/lib/libMobileGestalt.dylib
0x00007ff814858000 	/System/Library/Frameworks/Carbon.framework/Versions/A/Frameworks/HIToolbox.framework/Versions/A/HIToolbox
0x00007ff812c86000 	/System/Library/Frameworks/QuartzCore.framework/Versions/A/QuartzCore
0x00007ff80d628000 	/System/Library/Frameworks/Security.framework/Versions/A/Security
0x00007ff81c8fe000 	/System/Library/Frameworks/Carbon.framework/Versions/A/Frameworks/SpeechRecognition.framework/Versions/A/SpeechRecognition
0x00007ff812fe4000 	/System/Library/PrivateFrameworks/CoreUI.framework/Versions/A/CoreUI
0x00007ff80cef2000 	/System/Library/Frameworks/CoreAudio.framework/Versions/A/CoreAudio
0x00007ff812110000 	/System/Library/Frameworks/DiskArbitration.framework/Versions/A/DiskArbitration
0x00007ff817f2a000 	/System/Library/PrivateFrameworks/MultitouchSupport.framework/Versions/A/MultitouchSupport
0x00007ff810528000 	/usr/lib/libenergytrace.dylib
0x00007ff80df87000 	/System/Library/Frameworks/IOKit.framework/Versions/A/IOKit
0x00007ff81ccee000 	/System/Library/Frameworks/CoreServices.framework/Versions/A/CoreServices
0x00007ff81321e000 	/System/Library/PrivateFrameworks/PerformanceAnalysis.framework/Versions/A/PerformanceAnalysis
0x00007ffa244a1000 	/System/Library/Frameworks/OpenGL.framework/Versions/A/OpenGL
0x00007ff815dcb000 	/System/Library/PrivateFrameworks/MobileKeyBag.framework/Versions/A/MobileKeyBag
0x00007ff80b532000 	/usr/lib/libobjc.A.dylib
0x00007ff81106f000 	/System/Library/Frameworks/ColorSync.framework/Versions/A/ColorSync
0x00007ff80b6ec000 	/System/Library/Frameworks/CoreFoundation.framework/Versions/A/CoreFoundation
0x00007ff814ddd000 	/System/Library/Frameworks/CoreImage.framework/Versions/A/CoreImage
0x00007ff80cd06000 	/System/Library/Frameworks/CoreText.framework/Versions/A/CoreText
0x00007ff814b95000 	/System/Library/Frameworks/ImageIO.framework/Versions/A/ImageIO
0x00007ff81689b000 	/System/Library/PrivateFrameworks/SoftLinking.framework/Versions/A/SoftLinking
0x00007ff8132cf000 	/usr/lib/libxml2.2.dylib
0x00007ff80b5f8000 	/usr/lib/libc++.1.dylib
0x00007ff816b1c000 	/usr/lib/libcompression.dylib
0x00007ff81868f000 	/System/Library/PrivateFrameworks/TextureIO.framework/Versions/A/TextureIO
0x00007ff817236000 	/usr/lib/libate.dylib
0x00007ff816890000 	/usr/lib/system/libcache.dylib
0x00007ff81684c000 	/usr/lib/system/libcommonCrypto.dylib
0x00007ff816875000 	/usr/lib/system/libcompiler_rt.dylib
0x00007ff81686b000 	/usr/lib/system/libcopyfile.dylib
0x00007ff80b42d000 	/usr/lib/system/libcorecrypto.dylib
0x00007ff80b4eb000 	/usr/lib/system/libdispatch.dylib
0x00007ff80b6ab000 	/usr/lib/system/libdyld.dylib
0x00007ff816887000 	/usr/lib/system/libkeymgr.dylib
0x00007ff81682a000 	/usr/lib/system/libmacho.dylib
0x00007ff815ea5000 	/usr/lib/system/libquarantine.dylib
0x00007ff816885000 	/usr/lib/system/libremovefile.dylib
0x00007ff810576000 	/usr/lib/system/libsystem_asl.dylib
0x00007ff80b3d6000 	/usr/lib/system/libsystem_blocks.dylib
0x00007ff80b56f000 	/usr/lib/system/libsystem_c.dylib
0x00007ff81687d000 	/usr/lib/system/libsystem_collections.dylib
0x00007ff8151d7000 	/usr/lib/system/libsystem_configuration.dylib
0x00007ff81447f000 	/usr/lib/system/libsystem_containermanager.dylib
0x00007ff81655c000 	/usr/lib/system/libsystem_coreservices.dylib
0x00007ff80dc17000 	/usr/lib/system/libsystem_darwin.dylib
0x00007ff816888000 	/usr/lib/system/libsystem_dnssd.dylib
0x00007ff80b56c000 	/usr/lib/system/libsystem_featureflags.dylib
0x00007ff80b6c1000 	/usr/lib/system/libsystem_info.dylib
0x00007ff8167c2000 	/usr/lib/system/libsystem_m.dylib
0x00007ff80b4bf000 	/usr/lib/system/libsystem_malloc.dylib
0x00007ff810511000 	/usr/lib/system/libsystem_networkextension.dylib
0x00007ff80e03d000 	/usr/lib/system/libsystem_notify.dylib
0x00007ff81cbc3000 	/usr/lib/system/libsystem_product_info_filter.dylib
0x00007ff8151db000 	/usr/lib/system/libsystem_sandbox.dylib
0x00007ff816882000 	/usr/lib/system/libsystem_secinit.dylib
0x00007ff80b667000 	/usr/lib/system/libsystem_kernel.dylib
0x00007ff80b6b7000 	/usr/lib/system/libsystem_platform.dylib
0x00007ff80b69f000 	/usr/lib/system/libsystem_pthread.dylib
0x00007ff811e33000 	/usr/lib/system/libsystem_symptoms.dylib
0x00007ff80b414000 	/usr/lib/system/libsystem_trace.dylib
0x00007ff816858000 	/usr/lib/system/libunwind.dylib
0x00007ff80b3d8000 	/usr/lib/system/libxpc.dylib
0x00007ff80b651000 	/usr/lib/libc++abi.dylib
0x00007ff816863000 	/usr/lib/liboah.dylib
0x00007ff816ff4000 	/usr/lib/liblzma.5.dylib
0x00007ff80c1b0000 	/System/Library/Frameworks/SystemConfiguration.framework/Versions/A/SystemConfiguration
0x00007ff816897000 	/usr/lib/libfakelink.dylib
0x00007ff810081000 	/System/Library/Frameworks/CFNetwork.framework/Versions/A/CFNetwork
0x00007ff8169d8000 	/usr/lib/libarchive.2.dylib
0x00007ff8151e3000 	/System/Library/PrivateFrameworks/AppleSystemInfo.framework/Versions/A/AppleSystemInfo
0x00007ff815ecc000 	/usr/lib/libbsm.0.dylib
0x00007ff80f690000 	/usr/lib/libnetwork.dylib
0x00007ff816830000 	/usr/lib/system/libkxld.dylib
0x00007ff815aff000 	/System/Library/PrivateFrameworks/IOMobileFramebuffer.framework/Versions/A/IOMobileFramebuffer
0x00007ffb23e60000 	/usr/lib/libCoreEntitlements.dylib
0x00007ff81653e000 	/System/Library/PrivateFrameworks/AppleFSCompression.framework/Versions/A/AppleFSCompression
0x00007ff815eb4000 	/usr/lib/libcoretls.dylib
0x00007ff81700e000 	/usr/lib/libcoretls_cfhelpers.dylib
0x00007ff816b17000 	/usr/lib/libpam.2.dylib
0x00007ff811a55000 	/usr/lib/libsqlite3.dylib
0x00007ff81707d000 	/usr/lib/libxar.1.dylib
0x00007ff81654e000 	/usr/lib/libbz2.1.0.dylib
0x00007ff81689c000 	/usr/lib/libpcap.A.dylib
0x00007ff811e2b000 	/usr/lib/libdns_services.dylib
0x00007ff816aea000 	/usr/lib/libapple_nghttp2.dylib
0x00007ff8168d6000 	/usr/lib/libiconv.2.dylib
0x00007ff816829000 	/usr/lib/libcharset.1.dylib
0x00007ff813252000 	/System/Library/Frameworks/CoreServices.framework/Versions/A/Frameworks/FSEvents.framework/Versions/A/FSEvents
0x00007ff80dc21000 	/System/Library/Frameworks/CoreServices.framework/Versions/A/Frameworks/CarbonCore.framework/Versions/A/CarbonCore
0x00007ff812074000 	/System/Library/Frameworks/CoreServices.framework/Versions/A/Frameworks/Metadata.framework/Versions/A/Metadata
0x00007ff816561000 	/System/Library/Frameworks/CoreServices.framework/Versions/A/Frameworks/OSServices.framework/Versions/A/OSServices
0x00007ff816a5f000 	/System/Library/Frameworks/CoreServices.framework/Versions/A/Frameworks/SearchKit.framework/Versions/A/SearchKit
0x00007ff811dbd000 	/System/Library/Frameworks/CoreServices.framework/Versions/A/Frameworks/AE.framework/Versions/A/AE
0x00007ff80bbed000 	/System/Library/Frameworks/CoreServices.framework/Versions/A/Frameworks/LaunchServices.framework/Versions/A/LaunchServices
0x00007ff816fa5000 	/System/Library/Frameworks/CoreServices.framework/Versions/A/Frameworks/DictionaryServices.framework/Versions/A/DictionaryServices
0x00007ff81325f000 	/System/Library/Frameworks/CoreServices.framework/Versions/A/Frameworks/SharedFileList.framework/Versions/A/SharedFileList
0x00007ff815ea8000 	/usr/lib/libCheckFix.dylib
0x00007ff81058d000 	/System/Library/PrivateFrameworks/TCC.framework/Versions/A/TCC
0x00007ff8151e9000 	/System/Library/PrivateFrameworks/CoreNLP.framework/Versions/A/CoreNLP
0x00007ff812024000 	/System/Library/PrivateFrameworks/MetadataUtilities.framework/Versions/A/MetadataUtilities
0x00007ff80c261000 	/usr/lib/libmecabra.dylib
0x00007ff815edc000 	/usr/lib/libmecab.dylib
0x00007ff80c22c000 	/usr/lib/libCRFSuite.dylib
0x00007ff815f36000 	/usr/lib/libgermantok.dylib
0x00007ff816ac5000 	/usr/lib/libThaiTokenizer.dylib
0x00007ff812117000 	/System/Library/Frameworks/Accelerate.framework/Versions/A/Frameworks/vImage.framework/Versions/A/vImage
0x00007ff81ccc5000 	/System/Library/Frameworks/Accelerate.framework/Versions/A/Frameworks/vecLib.framework/Versions/A/vecLib
0x00007ff8170be000 	/System/Library/Frameworks/Accelerate.framework/Versions/A/Frameworks/vecLib.framework/Versions/A/libvMisc.dylib
0x00007ff8158fe000 	/System/Library/Frameworks/Accelerate.framework/Versions/A/Frameworks/vecLib.framework/Versions/A/libvDSP.dylib
0x00007ff80bf68000 	/System/Library/Frameworks/Accelerate.framework/Versions/A/Frameworks/vecLib.framework/Versions/A/libBLAS.dylib
0x00007ff816bfa000 	/System/Library/Frameworks/Accelerate.framework/Versions/A/Frameworks/vecLib.framework/Versions/A/libLAPACK.dylib
0x00007ff815f39000 	/System/Library/Frameworks/Accelerate.framework/Versions/A/Frameworks/vecLib.framework/Versions/A/libLinearAlgebra.dylib
0x00007ff816b02000 	/System/Library/Frameworks/Accelerate.framework/Versions/A/Frameworks/vecLib.framework/Versions/A/libSparseBLAS.dylib
0x00007ff816bf4000 	/System/Library/Frameworks/Accelerate.framework/Versions/A/Frameworks/vecLib.framework/Versions/A/libQuadrature.dylib
0x00007ff8152d4000 	/System/Library/Frameworks/Accelerate.framework/Versions/A/Frameworks/vecLib.framework/Versions/A/libBNNS.dylib
0x00007ff80c13a000 	/System/Library/Frameworks/Accelerate.framework/Versions/A/Frameworks/vecLib.framework/Versions/A/libSparse.dylib
0x00007ff8152cd000 	/System/Library/PrivateFrameworks/LinguisticData.framework/Versions/A/LinguisticData
0x00007ff80c0f0000 	/System/Library/PrivateFrameworks/Lexicon.framework/Versions/A/Lexicon
0x00007ff8170b7000 	/usr/lib/libChineseTokenizer.dylib
0x00007ff80c85b000 	/System/Library/PrivateFrameworks/LanguageModeling.framework/Versions/A/LanguageModeling
0x00007ff816ac7000 	/System/Library/PrivateFrameworks/AppleSauce.framework/Versions/A/AppleSauce
0x00007ff815aed000 	/System/Library/PrivateFrameworks/CoreEmoji.framework/Versions/A/CoreEmoji
0x00007ff8169c7000 	/usr/lib/libcmph.dylib
0x00007ff813236000 	/System/Library/Frameworks/OpenDirectory.framework/Versions/A/Frameworks/CFOpenDirectory.framework/Versions/A/CFOpenDirectory
0x00007ff81322a000 	/System/Library/Frameworks/OpenDirectory.framework/Versions/A/OpenDirectory
0x00007ff817010000 	/System/Library/PrivateFrameworks/APFS.framework/Versions/A/APFS
0x00007ff815e03000 	/System/Library/Frameworks/SecurityFoundation.framework/Versions/A/SecurityFoundation
0x00007ff81708b000 	/usr/lib/libutil.dylib
0x00007ff80df4b000 	/System/Library/PrivateFrameworks/CoreServicesStore.framework/Versions/A/CoreServicesStore
0x00007ff81708f000 	/usr/lib/libxslt.1.dylib
0x00007ff815e90000 	/System/Library/PrivateFrameworks/BackgroundTaskManagement.framework/Versions/A/BackgroundTaskManagement
0x00007ff8185b0000 	/System/Library/Frameworks/ImageIO.framework/Versions/A/Resources/libRadiance.dylib
0x00007ff8185b9000 	/System/Library/Frameworks/ImageIO.framework/Versions/A/Resources/libJPEG.dylib
0x00007ff818509000 	/System/Library/Frameworks/ImageIO.framework/Versions/A/Resources/libPng.dylib
0x00007ff81852a000 	/System/Library/Frameworks/ImageIO.framework/Versions/A/Resources/libTIFF.dylib
0x00007ff818618000 	/System/Library/Frameworks/ImageIO.framework/Versions/A/Resources/libGIF.dylib
0x00007ff817e46000 	/System/Library/Frameworks/ImageIO.framework/Versions/A/Resources/libJP2.dylib
0x00007ff817584000 	/usr/lib/libexpat.1.dylib
0x00007ff817dfb000 	/System/Library/PrivateFrameworks/AppleJPEG.framework/Versions/A/AppleJPEG
0x00007ff81471c000 	/System/Library/PrivateFrameworks/FontServices.framework/libFontParser.dylib
0x00007ff811d67000 	/System/Library/PrivateFrameworks/RunningBoardServices.framework/Versions/A/RunningBoardServices
0x00007ff822f80000 	/System/Library/PrivateFrameworks/IOSurfaceAccelerator.framework/Versions/A/IOSurfaceAccelerator
0x00007ff817f26000 	/System/Library/PrivateFrameworks/WatchdogClient.framework/Versions/A/WatchdogClient
0x00007ff80c949000 	/System/Library/Frameworks/CoreDisplay.framework/Versions/A/CoreDisplay
0x00007ff81461a000 	/System/Library/Frameworks/CoreMedia.framework/Versions/A/CoreMedia
0x00007ff8144ae000 	/System/Library/PrivateFrameworks/IOAccelerator.framework/Versions/A/IOAccelerator
0x00007ff8133b3000 	/System/Library/Frameworks/CoreVideo.framework/Versions/A/CoreVideo
0x00007ff816b15000 	/System/Library/Frameworks/MetalPerformanceShaders.framework/Versions/A/MetalPerformanceShaders
0x00007ff817f63000 	/System/Library/Frameworks/VideoToolbox.framework/Versions/A/VideoToolbox
0x00007ff811cb1000 	/System/Library/PrivateFrameworks/BaseBoard.framework/Versions/A/BaseBoard
0x00007ff811a3b000 	/System/Library/PrivateFrameworks/ProtocolBuffer.framework/Versions/A/ProtocolBuffer
0x00007ff8185a9000 	/System/Library/PrivateFrameworks/GPUWrangler.framework/Versions/A/GPUWrangler
0x00007ff81858d000 	/System/Library/PrivateFrameworks/IOPresentment.framework/Versions/A/IOPresentment
0x00007ff8185b3000 	/System/Library/PrivateFrameworks/DSExternalDisplay.framework/Versions/A/DSExternalDisplay
0x00007ffa24495000 	/System/Library/Frameworks/OpenGL.framework/Versions/A/Libraries/libCoreFSCache.dylib
0x00007ffb1155c000 	/System/Library/PrivateFrameworks/GPUCompiler.framework/Versions/31001/Libraries/libGPUCompilerUtils.dylib
0x00007ff81861d000 	/System/Library/PrivateFrameworks/CMCaptureCore.framework/Versions/A/CMCaptureCore
0x00007ff817b2c000 	/System/Library/PrivateFrameworks/AppServerSupport.framework/Versions/A/AppServerSupport
0x00007ff819deb000 	/System/Library/PrivateFrameworks/perfdata.framework/Versions/A/perfdata
0x00007ff80ca75000 	/System/Library/PrivateFrameworks/AudioToolboxCore.framework/Versions/A/AudioToolboxCore
0x00007ff8145f8000 	/System/Library/PrivateFrameworks/caulk.framework/Versions/A/caulk
0x00007ff8196fd000 	/usr/lib/libAudioStatistics.dylib
0x00007ff911153000 	/System/Library/PrivateFrameworks/SystemPolicy.framework/Versions/A/SystemPolicy
0x00007ff819958000 	/usr/lib/libSMC.dylib
0x00007ff822878000 	/System/Library/Frameworks/CoreMIDI.framework/Versions/A/CoreMIDI
0x00007ff8184d8000 	/usr/lib/libAudioToolboxUtility.dylib
0x00007ff90d37f000 	/System/Library/PrivateFrameworks/OSAServicesClient.framework/Versions/A/OSAServicesClient
0x00007ff819df8000 	/usr/lib/libperfcheck.dylib
0x00007ff911c00000 	/usr/lib/libmis.dylib
0x00007ffa244f0000 	/System/Library/Frameworks/OpenGL.framework/Versions/A/Libraries/libGLU.dylib
0x00007ffa244b4000 	/System/Library/Frameworks/OpenGL.framework/Versions/A/Libraries/libGFXShared.dylib
0x00007ffa246bd000 	/System/Library/Frameworks/OpenGL.framework/Versions/A/Libraries/libGL.dylib
0x00007ffa244bd000 	/System/Library/Frameworks/OpenGL.framework/Versions/A/Libraries/libGLImage.dylib
0x00007ffa244b1000 	/System/Library/Frameworks/OpenGL.framework/Versions/A/Libraries/libCVMSPluginSupport.dylib
0x00007ffa2449c000 	/System/Library/Frameworks/OpenGL.framework/Versions/A/Libraries/libCoreVMClient.dylib
0x00007ff815165000 	/System/Library/Frameworks/MetalPerformanceShaders.framework/Versions/A/Frameworks/MPSCore.framework/Versions/A/MPSCore
0x00007ff8164a9000 	/System/Library/Frameworks/MetalPerformanceShaders.framework/Versions/A/Frameworks/MPSImage.framework/Versions/A/MPSImage
0x00007ff815f4f000 	/System/Library/Frameworks/MetalPerformanceShaders.framework/Versions/A/Frameworks/MPSNeuralNetwork.framework/Versions/A/MPSNeuralNetwork
0x00007ff8163c3000 	/System/Library/Frameworks/MetalPerformanceShaders.framework/Versions/A/Frameworks/MPSMatrix.framework/Versions/A/MPSMatrix
0x00007ff81617e000 	/System/Library/Frameworks/MetalPerformanceShaders.framework/Versions/A/Frameworks/MPSRayIntersector.framework/Versions/A/MPSRayIntersector
0x00007ff8163fb000 	/System/Library/Frameworks/MetalPerformanceShaders.framework/Versions/A/Frameworks/MPSNDArray.framework/Versions/A/MPSNDArray
0x00007ffa29f75000 	/System/Library/Frameworks/MetalPerformanceShaders.framework/Versions/A/Frameworks/MPSFunctions.framework/Versions/A/MPSFunctions
0x00007ff80be44000 	/System/Library/PrivateFrameworks/MetalTools.framework/Versions/A/MetalTools
0x00007ff8151e1000 	/System/Library/PrivateFrameworks/AggregateDictionary.framework/Versions/A/AggregateDictionary
0x00007ff817366000 	/usr/lib/libIOReport.dylib
0x00007ffa25acc000 	/System/Library/Frameworks/OpenCL.framework/Versions/A/OpenCL
0x00007ff8176ca000 	/System/Library/PrivateFrameworks/FaceCore.framework/Versions/A/FaceCore
0x00007ff8176bb000 	/System/Library/PrivateFrameworks/GraphVisualizer.framework/Versions/A/GraphVisualizer
0x00007ffb11467000 	/System/Library/PrivateFrameworks/FontServices.framework/Versions/A/FontServices
0x00007ff817ae4000 	/System/Library/PrivateFrameworks/OTSVG.framework/Versions/A/OTSVG
0x00007ff812f99000 	/System/Library/Frameworks/ApplicationServices.framework/Versions/A/Frameworks/ATS.framework/Versions/A/Resources/libFontRegistry.dylib
0x00007ff817b34000 	/System/Library/PrivateFrameworks/FontServices.framework/libhvf.dylib
0x00007ffb11468000 	/System/Library/PrivateFrameworks/FontServices.framework/libXTFontStaticRegistryData.dylib
0x00007ff817534000 	/System/Library/PrivateFrameworks/AppleVA.framework/Versions/A/AppleVA
0x00007ff81971d000 	/System/Library/Frameworks/ApplicationServices.framework/Versions/A/Frameworks/ATS.framework/Versions/A/ATS
0x00007ff81116d000 	/System/Library/Frameworks/ApplicationServices.framework/Versions/A/Frameworks/HIServices.framework/Versions/A/HIServices
0x00007ff818627000 	/System/Library/Frameworks/ApplicationServices.framework/Versions/A/Frameworks/PrintCore.framework/Versions/A/PrintCore
0x00007ff819aab000 	/System/Library/Frameworks/ApplicationServices.framework/Versions/A/Frameworks/QD.framework/Versions/A/QD
0x00007ff819aa3000 	/System/Library/Frameworks/ApplicationServices.framework/Versions/A/Frameworks/ColorSyncLegacy.framework/Versions/A/ColorSyncLegacy
0x00007ff81970d000 	/System/Library/Frameworks/ApplicationServices.framework/Versions/A/Frameworks/SpeechSynthesis.framework/Versions/A/SpeechSynthesis
0x00007ff8185e8000 	/System/Library/Frameworks/ApplicationServices.framework/Versions/A/Frameworks/ATSUI.framework/Versions/A/ATSUI
0x00007ff819a38000 	/usr/lib/libcups.2.dylib
0x00007ff819e07000 	/System/Library/Frameworks/Kerberos.framework/Versions/A/Kerberos
0x00007ff819e16000 	/System/Library/Frameworks/GSS.framework/Versions/A/GSS
0x00007ff819789000 	/usr/lib/libresolv.9.dylib
0x00007ff817b43000 	/System/Library/PrivateFrameworks/Heimdal.framework/Versions/A/Heimdal
0x00007ff8209fb000 	/System/Library/Frameworks/Kerberos.framework/Versions/A/Libraries/libHeimdalProxy.dylib
0x00007ff811e3b000 	/System/Library/Frameworks/Network.framework/Versions/A/Network
0x00007ff81759e000 	/usr/lib/libheimdal-asn1.dylib
0x00007ff819e61000 	/System/Library/PrivateFrameworks/CommonAuth.framework/Versions/A/CommonAuth
0x00007ff81968f000 	/System/Library/PrivateFrameworks/AudioSession.framework/Versions/A/AudioSession
0x00007ff81762e000 	/System/Library/PrivateFrameworks/MediaExperience.framework/Versions/A/MediaExperience
0x00007ff819521000 	/System/Library/PrivateFrameworks/AudioSession.framework/libSessionUtility.dylib
0x00007ff819ab7000 	/System/Library/PrivateFrameworks/AudioResourceArbitration.framework/Versions/A/AudioResourceArbitration
0x00007ff81db38000 	/System/Library/PrivateFrameworks/PowerLog.framework/Versions/A/PowerLog
0x00007ff8175a7000 	/System/Library/PrivateFrameworks/IconFoundation.framework/Versions/A/IconFoundation
0x00007ff81c8ee000 	/System/Library/PrivateFrameworks/SpeechRecognitionCore.framework/Versions/A/SpeechRecognitionCore
0x00007ffa16739000 	/System/Library/CoreServices/Encodings/libSimplifiedChineseConverter.dylib
0x000000010bfaf000 	/Library/Java/JavaVirtualMachines/jdk1.8.0_301.jdk/Contents/Home/jre/lib/server/libjvm.dylib
0x000000010b1fd000 	/Library/Java/JavaVirtualMachines/jdk1.8.0_301.jdk/Contents/Home/jre/lib/libverify.dylib
0x000000010b254000 	/Library/Java/JavaVirtualMachines/jdk1.8.0_301.jdk/Contents/Home/jre/lib/libjava.dylib
0x000000010b2cb000 	/Library/Java/JavaVirtualMachines/jdk1.8.0_301.jdk/Contents/Home/jre/lib/libinstrument.dylib
0x000000010b22e000 	/Library/Java/JavaVirtualMachines/jdk1.8.0_301.jdk/Contents/Home/jre/lib/libzip.dylib
0x00000001289a2000 	/Library/Java/JavaVirtualMachines/jdk1.8.0_301.jdk/Contents/Home/jre/lib/libnet.dylib
0x0000000128a5e000 	/Library/Java/JavaVirtualMachines/jdk1.8.0_301.jdk/Contents/Home/jre/lib/libmanagement.dylib
0x0000000128abf000 	/Library/Java/JavaVirtualMachines/jdk1.8.0_301.jdk/Contents/Home/jre/lib/libnio.dylib

VM Arguments:
jvm_args: -XX:TieredStopAtLevel=1 -Xverify:none -Dspring.output.ansi.enabled=always -Dcom.sun.management.jmxremote -Dspring.jmx.enabled=true -Dspring.liveBeansView.mbeanDomain -Dspring.application.admin.enabled=true -javaagent:/Applications/IntelliJ IDEA.app/Contents/lib/idea_rt.jar=52103:/Applications/IntelliJ IDEA.app/Contents/bin -Dfile.encoding=UTF-8 
java_command: com.stock.mx2.Mx2Application
java_class_path (initial): /Library/Java/JavaVirtualMachines/jdk1.8.0_301.jdk/Contents/Home/jre/lib/charsets.jar:/Library/Java/JavaVirtualMachines/jdk1.8.0_301.jdk/Contents/Home/jre/lib/deploy.jar:/Library/Java/JavaVirtualMachines/jdk1.8.0_301.jdk/Contents/Home/jre/lib/ext/cldrdata.jar:/Library/Java/JavaVirtualMachines/jdk1.8.0_301.jdk/Contents/Home/jre/lib/ext/dnsns.jar:/Library/Java/JavaVirtualMachines/jdk1.8.0_301.jdk/Contents/Home/jre/lib/ext/jaccess.jar:/Library/Java/JavaVirtualMachines/jdk1.8.0_301.jdk/Contents/Home/jre/lib/ext/jfxrt.jar:/Library/Java/JavaVirtualMachines/jdk1.8.0_301.jdk/Contents/Home/jre/lib/ext/localedata.jar:/Library/Java/JavaVirtualMachines/jdk1.8.0_301.jdk/Contents/Home/jre/lib/ext/nashorn.jar:/Library/Java/JavaVirtualMachines/jdk1.8.0_301.jdk/Contents/Home/jre/lib/ext/sunec.jar:/Library/Java/JavaVirtualMachines/jdk1.8.0_301.jdk/Contents/Home/jre/lib/ext/sunjce_provider.jar:/Library/Java/JavaVirtualMachines/jdk1.8.0_301.jdk/Contents/Home/jre/lib/ext/sunpkcs11.jar:/Library/Java/JavaVirtualMachines/jdk1.8.0_301.jdk/Contents/Home/jre/lib/ext/zipfs.jar:/Library/Java/JavaVirtualMachines/jdk1.8.0_301.jdk/Contents/Home/jre/lib/javaws.jar:/Library/Java/JavaVirtualMachines/jdk1.8.0_301.jdk/Contents/Home/jre/lib/jce.jar:/Library/Java/JavaVirtualMachines/jdk1.8.0_301.jdk/Contents/Home/jre/lib/jfr.jar:/Library/Java/JavaVirtualMachines/jdk1.8.0_301.jdk/Contents/Home/jre/lib/jfxswt.jar:/Library/Java/JavaVirtualMachines/jdk1.8.0_301.jdk/Contents/Home/jre/lib/jsse.jar:/Library/Java/JavaVirtualMachines/jdk1.8.0_301.jdk/Contents/Home/jre/lib/management-agent.jar:/Library/Java/JavaVirtualMachines/jdk1.8.0_301.jdk/Contents/Home/jre/lib/plugin.jar:/Library/Java/JavaVirtualMachines/jdk1.8.0_301.jdk/Contents/Home/jre/lib/resources.jar:/Library/Java/JavaVirtualMachines/jdk1.8.0_301.jdk/Contents/Home/jre/lib/rt.jar:/Library/Java/JavaVirtualMachines/jdk1.8.0_301.jdk/Contents/Home/lib/ant-javafx.jar:/Library/Java/JavaVirtualMachines/jdk1.8.0_301.jdk/Contents/Home
Launcher Type: SUN_STANDARD

Environment Variables:
JAVA_HOME=/Library/Java/JavaVirtualMachines/zulu-8.jdk/Contents/Home
CLASSPATH=/Library/Java/JavaVirtualMachines/zulu-8.jdk/Contents/Home/lib/tools.jar:/Library/Java/JavaVirtualMachines/zulu-8.jdk/Contents/Home/lib/dt.jar:.
PATH=/Users/xiaobing/.yarn/bin:/Users/xiaobing/.config/yarn/global/node_modules/.bin:/Users/xiaobing/sdk/flutter/bin:/Library/Java/JavaVirtualMachines/zulu-8.jdk/Contents/Home/bin:/Library/Frameworks/Python.framework/Versions/3.10/bin:/opt/homebrew/bin:/opt/homebrew/sbin:/usr/local/bin:/usr/bin:/bin:/usr/sbin:/sbin:/Library/Apple/usr/bin:.:/Users/xiaobing/Documents/apache-maven-3.8.3/bin
SHELL=/bin/zsh

Signal Handlers:
SIGSEGV: [libjvm.dylib+0x59bf91], sa_mask[0]=11111111111111111111111111111111, sa_flags=SA_ONSTACK|SA_RESTART|SA_SIGINFO
SIGBUS: [libjvm.dylib+0x59bf91], sa_mask[0]=11111111111111111111111111111111, sa_flags=SA_RESTART|SA_SIGINFO
SIGFPE: [libjvm.dylib+0x48f9b7], sa_mask[0]=11111111111111111111111111111111, sa_flags=SA_RESTART|SA_SIGINFO
SIGPIPE: [libjvm.dylib+0x48f9b7], sa_mask[0]=11111111111111111111111111111111, sa_flags=SA_RESTART|SA_SIGINFO
SIGXFSZ: [libjvm.dylib+0x48f9b7], sa_mask[0]=11111111111111111111111111111111, sa_flags=SA_RESTART|SA_SIGINFO
SIGILL: [libjvm.dylib+0x48f9b7], sa_mask[0]=11111111111111111111111111111111, sa_flags=SA_RESTART|SA_SIGINFO
SIGUSR1: SIG_DFL, sa_mask[0]=00000000000000000000000000000000, sa_flags=none
SIGUSR2: [libjvm.dylib+0x4902a6], sa_mask[0]=00100000000000000000000000000000, sa_flags=SA_RESTART|SA_SIGINFO
SIGHUP: [libjvm.dylib+0x48e503], sa_mask[0]=11111111111111111111111111111111, sa_flags=SA_RESTART|SA_SIGINFO
SIGINT: [libjvm.dylib+0x48e503], sa_mask[0]=11111111111111111111111111111111, sa_flags=SA_RESTART|SA_SIGINFO
SIGTERM: [libjvm.dylib+0x48e503], sa_mask[0]=11111111111111111111111111111111, sa_flags=SA_RESTART|SA_SIGINFO
SIGQUIT: [libjvm.dylib+0x48e503], sa_mask[0]=11111111111111111111111111111111, sa_flags=SA_RESTART|SA_SIGINFO


---------------  S Y S T E M  ---------------

OS:Bsduname:Darwin 21.6.0 Darwin Kernel Version 21.6.0: Mon Aug 22 20:20:05 PDT 2022; root:xnu-8020.140.49~2/RELEASE_ARM64_T8101 x86_64
rlimit: STACK 8176k, CORE 0k, NPROC 2666, NOFILE 10240, AS infinity
load average:38.01 21.34 14.24

CPU:total 8 (initial active 8) (1 cores per cpu, 1 threads per core) family 6 model 44 stepping 0, cmov, cx8, fxsr, mmx, sse, sse2, sse3, ssse3, sse4.1, sse4.2, popcnt, aes, clmul, tsc, tscinvbit, tscinv

Memory: 4k page, physical 16777216k(30116k free)

/proc/meminfo:


vm_info: Java HotSpot(TM) 64-Bit Server VM (25.301-b09) for bsd-amd64 JRE (1.8.0_301-b09), built on Jun  9 2021 14:35:36 by "java_re" with gcc 4.2.1 Compatible Apple LLVM 11.0.0 (clang-1100.0.33.17)

time: Wed Oct  5 19:14:46 2022
timezone: CST
elapsed time: 3.192236 seconds (0d 0h 0m 3s)

